<?xml version="1.0" encoding="UTF-8"?>
<testng-results ignored="0" total="3" passed="3" failed="0" skipped="0">
  <reporter-output>
  </reporter-output>
  <suite started-at="2025-07-10T17:14:46 EET" name="Default suite" finished-at="2025-07-10T17:14:58 EET" duration-ms="12184">
    <groups>
    </groups>
    <test started-at="2025-07-10T17:14:46 EET" name="Default test" finished-at="2025-07-10T17:14:58 EET" duration-ms="12184">
      <class name="login.MyTestcases">
        <test-method is-config="true" signature="mySetup()[pri:0, instance:login.MyTestcases@64ba3208]" started-at="2025-07-10T17:14:46 EET" name="mySetup" finished-at="2025-07-10T17:14:47 EET" duration-ms="1677" status="PASS">
          <reporter-output>
          </reporter-output>
        </test-method> <!-- mySetup -->
        <test-method signature="SignUp()[pri:1, instance:login.MyTestcases@64ba3208]" started-at="2025-07-10T17:14:47 EET" name="SignUp" finished-at="2025-07-10T17:14:53 EET" duration-ms="5980" status="PASS">
          <reporter-output>
          </reporter-output>
        </test-method> <!-- SignUp -->
        <test-method signature="Logout()[pri:2, instance:login.MyTestcases@64ba3208]" started-at="2025-07-10T17:14:53 EET" name="Logout" finished-at="2025-07-10T17:14:56 EET" duration-ms="3199" status="PASS">
          <reporter-output>
          </reporter-output>
        </test-method> <!-- Logout -->
        <test-method signature="Login()[pri:3, instance:login.MyTestcases@64ba3208]" started-at="2025-07-10T17:14:56 EET" name="Login" finished-at="2025-07-10T17:14:58 EET" duration-ms="1292" status="PASS">
          <reporter-output>
          </reporter-output>
        </test-method> <!-- Login -->
      </class> <!-- login.MyTestcases -->
    </test> <!-- Default test -->
  </suite> <!-- Default suite -->
</testng-results>
